[debug] [2017-09-22T13:52:52.881Z] ----------------------------------------------------------------------
[debug] [2017-09-22T13:52:52.885Z] Command:       /usr/local/bin/node /usr/local/bin/firebase deploy
[debug] [2017-09-22T13:52:52.885Z] CLI Version:   3.12.0
[debug] [2017-09-22T13:52:52.885Z] Platform:      darwin
[debug] [2017-09-22T13:52:52.885Z] Node Version:  v6.11.0
[debug] [2017-09-22T13:52:52.886Z] Time:          Fri Sep 22 2017 14:52:52 GMT+0100 (BST)
[debug] [2017-09-22T13:52:52.886Z] ----------------------------------------------------------------------
[debug] 
[debug] [2017-09-22T13:52:52.907Z] > command requires scopes: ["email","openid","https://www.googleapis.com/auth/cloudplatformprojects.readonly","https://www.googleapis.com/auth/firebase","https://www.googleapis.com/auth/cloud-platform"]
[debug] [2017-09-22T13:52:52.908Z] > authorizing via signed-in user
[debug] [2017-09-22T13:52:52.911Z] > refreshing access token with scopes: ["email","https://www.googleapis.com/auth/cloud-platform","https://www.googleapis.com/auth/cloudplatformprojects.readonly","https://www.googleapis.com/auth/firebase","openid"]
[debug] [2017-09-22T13:52:52.912Z] >>> HTTP REQUEST POST https://www.googleapis.com/oauth2/v3/token { refresh_token: '1/OXWNRXqnOGiiG04i5vY8EQCq04MEEV3bQJXwZgjHluo',
  client_id: '563584335869-fgrhgmd47bqnekij5i8b5pr03ho849e6.apps.googleusercontent.com',
  client_secret: 'j9iVZfS8kkCEFUPaAeJV0sAi',
  grant_type: 'refresh_token',
  scope: 'email https://www.googleapis.com/auth/cloud-platform https://www.googleapis.com/auth/cloudplatformprojects.readonly https://www.googleapis.com/auth/firebase openid' } 
 Fri Sep 22 2017 14:52:52 GMT+0100 (BST)
[debug] [2017-09-22T13:52:53.081Z] <<< HTTP RESPONSE 200
[debug] [2017-09-22T13:52:53.103Z] >>> HTTP REQUEST GET https://admin.firebase.com/v1/projects/web-push-notification-demo  
 Fri Sep 22 2017 14:52:53 GMT+0100 (BST)
[debug] [2017-09-22T13:52:53.727Z] <<< HTTP RESPONSE 200
[debug] [2017-09-22T13:52:53.729Z] >>> HTTP REQUEST GET https://admin.firebase.com/v1/database/web-push-notification-demo/tokens  
 Fri Sep 22 2017 14:52:53 GMT+0100 (BST)
[debug] [2017-09-22T13:52:54.338Z] <<< HTTP RESPONSE 200
[info] 
[info] === Deploying to 'web-push-notification-demo'...
[info] 
[info] i  deploying hosting
[info] i  hosting: preparing ./ directory for upload...
[debug] [2017-09-22T13:52:55.526Z] >>> HTTP REQUEST PUT https://deploy.firebase.com/v1/hosting/web-push-notification-demo/uploads/-KudrCFs_ppXq3D0qUKy?fileCount=40&message=  
 Fri Sep 22 2017 14:52:55 GMT+0100 (BST)
[debug] [2017-09-22T13:54:10.525Z] <<< HTTP RESPONSE 200
[debug] [2017-09-22T13:54:10.526Z] [hosting] .tgz uploaded successfully, waiting for extraction
[debug] [2017-09-22T13:55:52.912Z] ----------------------------------------------------------------------
[debug] [2017-09-22T13:55:52.914Z] Command:       /usr/local/bin/node /usr/local/bin/firebase deploy
[debug] [2017-09-22T13:55:52.915Z] CLI Version:   3.12.0
[debug] [2017-09-22T13:55:52.915Z] Platform:      darwin
[debug] [2017-09-22T13:55:52.915Z] Node Version:  v6.11.0
[debug] [2017-09-22T13:55:52.916Z] Time:          Fri Sep 22 2017 14:55:52 GMT+0100 (BST)
[debug] [2017-09-22T13:55:52.916Z] ----------------------------------------------------------------------
[debug] 
[debug] [2017-09-22T13:55:52.933Z] > command requires scopes: ["email","openid","https://www.googleapis.com/auth/cloudplatformprojects.readonly","https://www.googleapis.com/auth/firebase","https://www.googleapis.com/auth/cloud-platform"]
[debug] [2017-09-22T13:55:52.934Z] > authorizing via signed-in user
[debug] [2017-09-22T13:55:52.936Z] >>> HTTP REQUEST GET https://admin.firebase.com/v1/projects/web-push-notification-demo  
 Fri Sep 22 2017 14:55:52 GMT+0100 (BST)
[debug] [2017-09-22T13:55:53.563Z] <<< HTTP RESPONSE 200
[debug] [2017-09-22T13:55:53.564Z] >>> HTTP REQUEST GET https://admin.firebase.com/v1/database/web-push-notification-demo/tokens  
 Fri Sep 22 2017 14:55:53 GMT+0100 (BST)
[debug] [2017-09-22T13:55:54.124Z] <<< HTTP RESPONSE 200
[info] 
[info] === Deploying to 'web-push-notification-demo'...
[info] 
[info] i  deploying hosting
[info] i  hosting: preparing ./ directory for upload...
[debug] [2017-09-22T13:55:55.346Z] >>> HTTP REQUEST PUT https://deploy.firebase.com/v1/hosting/web-push-notification-demo/uploads/-Kudrt9gwKPGF9KzDydi?fileCount=40&message=  
 Fri Sep 22 2017 14:55:55 GMT+0100 (BST)
[debug] [2017-09-22T13:56:21.922Z] <<< HTTP RESPONSE 200
[debug] [2017-09-22T13:56:21.923Z] [hosting] .tgz uploaded successfully, waiting for extraction
[error] 
[error] Error: File upload failed: Deploy failed.
[debug] [2017-09-22T13:57:12.503Z] Error Context: {
  "duration": 50890,
  "fileCount": 40,
  "ip": "109.176.92.130",
  "start": 1506088581492,
  "status": "failed",
  "statusMessage": "Deploy failed.",
  "uid": "103810935896950410963",
  "uploadedCount": 40,
  "user": {
    "email": "jaycee.cheong04@gmail.com",
    "gaiaId": "103810935896950410963",
    "image": "https://lh4.googleusercontent.com/-Wd4A15cFNlQ/AAAAAAAAAAI/AAAAAAAAAnw/Xcn8pmsFNV8/photo.jpg"
  }
}
